This file contains any messages produced by compilers while
running configure, to aid debugging if configure makes a mistake.

It was created by Apache CouchDB configure 1.6.4, which was
generated by GNU Autoconf 2.69.  Invocation command line was

  $ ./configure 

## --------- ##
## Platform. ##
## --------- ##

hostname = Shrivatsas-MacBook-Air.local
uname -m = x86_64
uname -r = 15.6.0
uname -s = Darwin
uname -v = Darwin Kernel Version 15.6.0: Thu Jun 23 18:25:34 PDT 2016; root:xnu-3248.60.10~1/RELEASE_X86_64

/usr/bin/uname -p = i386
/bin/uname -X     = unknown

/bin/arch              = unknown
/usr/bin/arch -k       = unknown
/usr/convex/getsysinfo = unknown
/usr/bin/hostinfo      = Mach kernel version:
	 Darwin Kernel Version 15.6.0: Thu Jun 23 18:25:34 PDT 2016; root:xnu-3248.60.10~1/RELEASE_X86_64
Kernel configured for up to 4 processors.
2 processors are physically available.
4 processors are logically available.
Processor type: x86_64h (Intel x86-64h Haswell)
Processors active: 0 1 2 3
Primary memory available: 4.00 gigabytes
Default processor set: 224 tasks, 1147 threads, 4 processors
Load average: 1.96, Mach factor: 2.03
/bin/machine           = unknown
/usr/bin/oslevel       = unknown
/bin/universe          = unknown

PATH: /Users/shrivatsa/.local/bin
PATH: /usr/local/liquibase
PATH: /usr/local/opt/gnu-sed/libexec/gnubin
PATH: /usr/local/bin/terraform
PATH: /Users/shrivatsa/.nvm/v0.10.32/bin
PATH: /Users/shrivatsa/.local/lib/aws/bin/
PATH: /Users/shrivatsa/Library/Android/sdk/platform-tools
PATH: /Users/shrivatsa/Library/Android/sdk/tools
PATH: /Users/shrivatsa/.nvm/v0.10.41/bin
PATH: /Users/shrivatsa/.local/lib/aws/bin/
PATH: /usr/local/bin
PATH: /usr/bin
PATH: /bin
PATH: /usr/sbin
PATH: /sbin
PATH: /usr/local/go/bin


## ----------- ##
## Core tests. ##
## ----------- ##

configure:2828: checking for a BSD-compatible install
configure:2896: result: /usr/bin/install -c
configure:2907: checking whether build environment is sane
configure:2962: result: yes
configure:3113: checking for a thread-safe mkdir -p
configure:3152: result: build-aux/install-sh -c -d
configure:3159: checking for gawk
configure:3189: result: no
configure:3159: checking for mawk
configure:3189: result: no
configure:3159: checking for nawk
configure:3189: result: no
configure:3159: checking for awk
configure:3175: found /usr/bin/awk
configure:3186: result: awk
configure:3197: checking whether make sets $(MAKE)
configure:3219: result: yes
configure:3248: checking whether make supports nested variables
configure:3265: result: yes
configure:3354: checking whether UID '501' is supported by ustar format
configure:3357: result: yes
configure:3364: checking whether GID '20' is supported by ustar format
configure:3367: result: yes
configure:3375: checking how to create a ustar tar archive
configure:3386: tar --version
bsdtar 2.8.3 - libarchive 2.8.3
configure:3389: $? = 0
configure:3429: tardir=conftest.dir && eval tar --format=ustar -chf - "$tardir" >conftest.tar
configure:3432: $? = 0
configure:3436: tar -xf - <conftest.tar
configure:3439: $? = 0
configure:3441: cat conftest.dir/file
GrepMe
configure:3444: $? = 0
configure:3457: result: gnutar
configure:3520: checking for style of include used by make
configure:3548: result: GNU
configure:3619: checking for gcc
configure:3635: found /usr/bin/gcc
configure:3646: result: gcc
configure:3875: checking for C compiler version
configure:3884: gcc --version >&5
Apple LLVM version 7.3.0 (clang-703.0.31)
Target: x86_64-apple-darwin15.6.0
Thread model: posix
InstalledDir: /Library/Developer/CommandLineTools/usr/bin
Configured with: --prefix=/Library/Developer/CommandLineTools/usr --with-gxx-include-dir=/usr/include/c++/4.2.1
configure:3895: $? = 0
configure:3884: gcc -v >&5
Configured with: --prefix=/Library/Developer/CommandLineTools/usr --with-gxx-include-dir=/usr/include/c++/4.2.1
Apple LLVM version 7.3.0 (clang-703.0.31)
Target: x86_64-apple-darwin15.6.0
Thread model: posix
InstalledDir: /Library/Developer/CommandLineTools/usr/bin
configure:3895: $? = 0
configure:3884: gcc -V >&5
clang: error: argument to '-V' is missing (expected 1 value)
clang: error: no input files
configure:3895: $? = 1
configure:3884: gcc -qversion >&5
clang: error: unknown argument: '-qversion'
clang: error: no input files
configure:3895: $? = 1
configure:3915: checking whether the C compiler works
configure:3937: gcc    conftest.c  >&5
configure:3941: $? = 0
configure:3989: result: yes
configure:3992: checking for C compiler default output file name
configure:3994: result: a.out
configure:4000: checking for suffix of executables
configure:4007: gcc -o conftest    conftest.c  >&5
configure:4011: $? = 0
configure:4033: result: 
configure:4055: checking whether we are cross compiling
configure:4063: gcc -o conftest    conftest.c  >&5
configure:4067: $? = 0
configure:4074: ./conftest
configure:4078: $? = 0
configure:4093: result: no
configure:4098: checking for suffix of object files
configure:4120: gcc -c   conftest.c >&5
configure:4124: $? = 0
configure:4145: result: o
configure:4149: checking whether we are using the GNU C compiler
configure:4168: gcc -c   conftest.c >&5
configure:4168: $? = 0
configure:4177: result: yes
configure:4186: checking whether gcc accepts -g
configure:4206: gcc -c -g  conftest.c >&5
configure:4206: $? = 0
configure:4247: result: yes
configure:4264: checking for gcc option to accept ISO C89
configure:4327: gcc  -c -g -O2  conftest.c >&5
configure:4327: $? = 0
configure:4340: result: none needed
configure:4365: checking whether gcc understands -c and -o together
configure:4387: gcc -c conftest.c -o conftest2.o
configure:4390: $? = 0
configure:4387: gcc -c conftest.c -o conftest2.o
configure:4390: $? = 0
configure:4402: result: yes
configure:4421: checking dependency style of gcc
configure:4532: result: gcc3
configure:4553: checking how to run the C preprocessor
configure:4584: gcc -E  conftest.c
configure:4584: $? = 0
configure:4598: gcc -E  conftest.c
conftest.c:11:10: fatal error: 'ac_nonexistent.h' file not found
#include <ac_nonexistent.h>
         ^
1 error generated.
configure:4598: $? = 1
configure: failed program was:
| /* confdefs.h */
| #define PACKAGE_NAME "Apache CouchDB"
| #define PACKAGE_TARNAME "apache-couchdb"
| #define PACKAGE_VERSION "1.6.4"
| #define PACKAGE_STRING "Apache CouchDB 1.6.4"
| #define PACKAGE_BUGREPORT "https://issues.apache.org/jira/browse/COUCHDB"
| #define PACKAGE_URL ""
| #define PACKAGE "apache-couchdb"
| #define VERSION "1.6.4"
| /* end confdefs.h.  */
| #include <ac_nonexistent.h>
configure:4623: result: gcc -E
configure:4643: gcc -E  conftest.c
configure:4643: $? = 0
configure:4657: gcc -E  conftest.c
conftest.c:11:10: fatal error: 'ac_nonexistent.h' file not found
#include <ac_nonexistent.h>
         ^
1 error generated.
configure:4657: $? = 1
configure: failed program was:
| /* confdefs.h */
| #define PACKAGE_NAME "Apache CouchDB"
| #define PACKAGE_TARNAME "apache-couchdb"
| #define PACKAGE_VERSION "1.6.4"
| #define PACKAGE_STRING "Apache CouchDB 1.6.4"
| #define PACKAGE_BUGREPORT "https://issues.apache.org/jira/browse/COUCHDB"
| #define PACKAGE_URL ""
| #define PACKAGE "apache-couchdb"
| #define VERSION "1.6.4"
| /* end confdefs.h.  */
| #include <ac_nonexistent.h>
configure:4686: checking for grep that handles long lines and -e
configure:4744: result: /usr/bin/grep
configure:4749: checking for egrep
configure:4811: result: /usr/bin/grep -E
configure:4816: checking for ANSI C header files
configure:4836: gcc -c -g -O2  conftest.c >&5
configure:4836: $? = 0
configure:4909: gcc -o conftest -g -O2   conftest.c  >&5
configure:4909: $? = 0
configure:4909: ./conftest
configure:4909: $? = 0
configure:4920: result: yes
configure:4933: checking for sys/types.h
configure:4933: gcc -c -g -O2  conftest.c >&5
configure:4933: $? = 0
configure:4933: result: yes
configure:4933: checking for sys/stat.h
configure:4933: gcc -c -g -O2  conftest.c >&5
configure:4933: $? = 0
configure:4933: result: yes
configure:4933: checking for stdlib.h
configure:4933: gcc -c -g -O2  conftest.c >&5
configure:4933: $? = 0
configure:4933: result: yes
configure:4933: checking for string.h
configure:4933: gcc -c -g -O2  conftest.c >&5
configure:4933: $? = 0
configure:4933: result: yes
configure:4933: checking for memory.h
configure:4933: gcc -c -g -O2  conftest.c >&5
configure:4933: $? = 0
configure:4933: result: yes
configure:4933: checking for strings.h
configure:4933: gcc -c -g -O2  conftest.c >&5
configure:4933: $? = 0
configure:4933: result: yes
configure:4933: checking for inttypes.h
configure:4933: gcc -c -g -O2  conftest.c >&5
configure:4933: $? = 0
configure:4933: result: yes
configure:4933: checking for stdint.h
configure:4933: gcc -c -g -O2  conftest.c >&5
configure:4933: $? = 0
configure:4933: result: yes
configure:4933: checking for unistd.h
configure:4933: gcc -c -g -O2  conftest.c >&5
configure:4933: $? = 0
configure:4933: result: yes
configure:4946: checking minix/config.h usability
configure:4946: gcc -c -g -O2  conftest.c >&5
conftest.c:54:10: fatal error: 'minix/config.h' file not found
#include <minix/config.h>
         ^
1 error generated.
configure:4946: $? = 1
configure: failed program was:
| /* confdefs.h */
| #define PACKAGE_NAME "Apache CouchDB"
| #define PACKAGE_TARNAME "apache-couchdb"
| #define PACKAGE_VERSION "1.6.4"
| #define PACKAGE_STRING "Apache CouchDB 1.6.4"
| #define PACKAGE_BUGREPORT "https://issues.apache.org/jira/browse/COUCHDB"
| #define PACKAGE_URL ""
| #define PACKAGE "apache-couchdb"
| #define VERSION "1.6.4"
| #define STDC_HEADERS 1
| #define HAVE_SYS_TYPES_H 1
| #define HAVE_SYS_STAT_H 1
| #define HAVE_STDLIB_H 1
| #define HAVE_STRING_H 1
| #define HAVE_MEMORY_H 1
| #define HAVE_STRINGS_H 1
| #define HAVE_INTTYPES_H 1
| #define HAVE_STDINT_H 1
| #define HAVE_UNISTD_H 1
| /* end confdefs.h.  */
| #include <stdio.h>
| #ifdef HAVE_SYS_TYPES_H
| # include <sys/types.h>
| #endif
| #ifdef HAVE_SYS_STAT_H
| # include <sys/stat.h>
| #endif
| #ifdef STDC_HEADERS
| # include <stdlib.h>
| # include <stddef.h>
| #else
| # ifdef HAVE_STDLIB_H
| #  include <stdlib.h>
| # endif
| #endif
| #ifdef HAVE_STRING_H
| # if !defined STDC_HEADERS && defined HAVE_MEMORY_H
| #  include <memory.h>
| # endif
| # include <string.h>
| #endif
| #ifdef HAVE_STRINGS_H
| # include <strings.h>
| #endif
| #ifdef HAVE_INTTYPES_H
| # include <inttypes.h>
| #endif
| #ifdef HAVE_STDINT_H
| # include <stdint.h>
| #endif
| #ifdef HAVE_UNISTD_H
| # include <unistd.h>
| #endif
| #include <minix/config.h>
configure:4946: result: no
configure:4946: checking minix/config.h presence
configure:4946: gcc -E  conftest.c
conftest.c:21:10: fatal error: 'minix/config.h' file not found
#include <minix/config.h>
         ^
1 error generated.
configure:4946: $? = 1
configure: failed program was:
| /* confdefs.h */
| #define PACKAGE_NAME "Apache CouchDB"
| #define PACKAGE_TARNAME "apache-couchdb"
| #define PACKAGE_VERSION "1.6.4"
| #define PACKAGE_STRING "Apache CouchDB 1.6.4"
| #define PACKAGE_BUGREPORT "https://issues.apache.org/jira/browse/COUCHDB"
| #define PACKAGE_URL ""
| #define PACKAGE "apache-couchdb"
| #define VERSION "1.6.4"
| #define STDC_HEADERS 1
| #define HAVE_SYS_TYPES_H 1
| #define HAVE_SYS_STAT_H 1
| #define HAVE_STDLIB_H 1
| #define HAVE_STRING_H 1
| #define HAVE_MEMORY_H 1
| #define HAVE_STRINGS_H 1
| #define HAVE_INTTYPES_H 1
| #define HAVE_STDINT_H 1
| #define HAVE_UNISTD_H 1
| /* end confdefs.h.  */
| #include <minix/config.h>
configure:4946: result: no
configure:4946: checking for minix/config.h
configure:4946: result: no
configure:4967: checking whether it is safe to define __EXTENSIONS__
configure:4985: gcc -c -g -O2  conftest.c >&5
configure:4985: $? = 0
configure:4992: result: yes
configure:5117: checking for gcc
configure:5144: result: gcc
configure:5373: checking for C compiler version
configure:5382: gcc --version >&5
Apple LLVM version 7.3.0 (clang-703.0.31)
Target: x86_64-apple-darwin15.6.0
Thread model: posix
InstalledDir: /Library/Developer/CommandLineTools/usr/bin
Configured with: --prefix=/Library/Developer/CommandLineTools/usr --with-gxx-include-dir=/usr/include/c++/4.2.1
configure:5393: $? = 0
configure:5382: gcc -v >&5
Configured with: --prefix=/Library/Developer/CommandLineTools/usr --with-gxx-include-dir=/usr/include/c++/4.2.1
Apple LLVM version 7.3.0 (clang-703.0.31)
Target: x86_64-apple-darwin15.6.0
Thread model: posix
InstalledDir: /Library/Developer/CommandLineTools/usr/bin
configure:5393: $? = 0
configure:5382: gcc -V >&5
clang: error: argument to '-V' is missing (expected 1 value)
clang: error: no input files
configure:5393: $? = 1
configure:5382: gcc -qversion >&5
clang: error: unknown argument: '-qversion'
clang: error: no input files
configure:5393: $? = 1
configure:5397: checking whether we are using the GNU C compiler
configure:5425: result: yes
configure:5434: checking whether gcc accepts -g
configure:5495: result: yes
configure:5512: checking for gcc option to accept ISO C89
configure:5588: result: none needed
configure:5613: checking whether gcc understands -c and -o together
configure:5650: result: yes
configure:5669: checking dependency style of gcc
configure:5780: result: gcc3
configure:5824: checking build system type
configure:5838: result: x86_64-apple-darwin15.6.0
configure:5858: checking host system type
configure:5871: result: x86_64-apple-darwin15.6.0
configure:5912: checking how to print strings
configure:5939: result: printf
configure:5960: checking for a sed that does not truncate output
configure:6024: result: /usr/local/opt/gnu-sed/libexec/gnubin/sed
configure:6042: checking for fgrep
configure:6104: result: /usr/bin/grep -F
configure:6139: checking for ld used by gcc
configure:6206: result: /Library/Developer/CommandLineTools/usr/bin/ld
configure:6213: checking if the linker (/Library/Developer/CommandLineTools/usr/bin/ld) is GNU ld
configure:6228: result: no
configure:6240: checking for BSD- or MS-compatible name lister (nm)
configure:6294: result: /usr/bin/nm -B
configure:6424: checking the name lister (/usr/bin/nm -B) interface
configure:6431: gcc -c -g -O2  conftest.c >&5
configure:6434: /usr/bin/nm -B "conftest.o"
configure:6437: output
00000000000001f8 S _some_variable
configure:6444: result: BSD nm
configure:6447: checking whether ln -s works
configure:6451: result: yes
configure:6459: checking the maximum length of command line arguments
configure:6590: result: 196608
configure:6638: checking how to convert x86_64-apple-darwin15.6.0 file names to x86_64-apple-darwin15.6.0 format
configure:6678: result: func_convert_file_noop
configure:6685: checking how to convert x86_64-apple-darwin15.6.0 file names to toolchain format
configure:6705: result: func_convert_file_noop
configure:6712: checking for /Library/Developer/CommandLineTools/usr/bin/ld option to reload object files
configure:6719: result: -r
configure:6793: checking for objdump
configure:6823: result: no
configure:6849: checking how to recognize dependent libraries
configure:7049: result: pass_all
configure:7134: checking for dlltool
configure:7164: result: no
configure:7191: checking how to associate runtime and link libraries
configure:7218: result: printf %s\n
configure:7278: checking for ar
configure:7294: found /usr/bin/ar
configure:7305: result: ar
configure:7342: checking for archiver @FILE support
configure:7359: gcc -c -g -O2  conftest.c >&5
configure:7359: $? = 0
configure:7362: ar cru libconftest.a @conftest.lst >&5
ar: @conftest.lst: No such file or directory
configure:7365: $? = 1
configure:7385: result: no
configure:7443: checking for strip
configure:7459: found /usr/bin/strip
configure:7470: result: strip
configure:7542: checking for ranlib
configure:7558: found /usr/bin/ranlib
configure:7569: result: ranlib
configure:7671: checking command to parse /usr/bin/nm -B output from gcc object
configure:7824: gcc -c -g -O2  conftest.c >&5
configure:7827: $? = 0
configure:7831: /usr/bin/nm -B conftest.o \| sed -n -e 's/^.*[ ]\([BCDEGRST][BCDEGRST]*\)[ ][ ]*\([_A-Za-z][_A-Za-z0-9]*\)$/\1 \2 \2/p' | sed '/ __gnu_lto/d' \> conftest.nm
configure:7834: $? = 0
cannot find nm_test_var in conftest.nm
configure:7824: gcc -c -g -O2  conftest.c >&5
configure:7827: $? = 0
configure:7831: /usr/bin/nm -B conftest.o \| sed -n -e 's/^.*[ ]\([BCDEGRST][BCDEGRST]*\)[ ][ ]*_\([_A-Za-z][_A-Za-z0-9]*\)$/\1 _\2 \2/p' | sed '/ __gnu_lto/d' \> conftest.nm
configure:7834: $? = 0
configure:7900: gcc -o conftest -g -O2   conftest.c conftstm.o >&5
warning: (x86_64)  could not find object file symbol for symbol _main
configure:7903: $? = 0
configure:7941: result: ok
configure:7988: checking for sysroot
configure:8018: result: no
configure:8025: checking for a working dd
configure:8063: result: /bin/dd
configure:8067: checking how to truncate binary pipes
configure:8082: result: /bin/dd bs=4096 count=1
configure:8411: checking for mt
configure:8441: result: no
configure:8461: checking if : is a manifest tool
configure:8467: : '-?'
configure:8475: result: no
configure:8531: checking for dsymutil
configure:8547: found /usr/bin/dsymutil
configure:8558: result: dsymutil
configure:8623: checking for nmedit
configure:8639: found /usr/bin/nmedit
configure:8650: result: nmedit
configure:8715: checking for lipo
configure:8731: found /usr/bin/lipo
configure:8742: result: lipo
configure:8807: checking for otool
configure:8823: found /usr/bin/otool
configure:8834: result: otool
configure:8899: checking for otool64
configure:8929: result: no
configure:8974: checking for -single_module linker flag
gcc -g -O2  -o libconftest.dylib -dynamiclib -Wl,-single_module conftest.c
configure:9007: result: yes
configure:9010: checking for -exported_symbols_list linker flag
configure:9030: gcc -o conftest -g -O2   -Wl,-exported_symbols_list,conftest.sym conftest.c  >&5
configure:9030: $? = 0
configure:9040: result: yes
configure:9043: checking for -force_load linker flag
gcc -g -O2 -c -o conftest.o conftest.c
ar cru libconftest.a conftest.o
ranlib libconftest.a
gcc -g -O2  -o conftest conftest.c -Wl,-force_load,./libconftest.a
configure:9075: result: yes
configure:9149: checking for dlfcn.h
configure:9149: gcc -c -g -O2  conftest.c >&5
configure:9149: $? = 0
configure:9149: result: yes
configure:9643: checking for objdir
configure:9658: result: .libs
configure:9922: checking if gcc supports -fno-rtti -fno-exceptions
configure:9940: gcc -c -g -O2  -fno-rtti -fno-exceptions conftest.c >&5
configure:9944: $? = 0
configure:9957: result: yes
configure:10315: checking for gcc option to produce PIC
configure:10322: result: -fno-common -DPIC
configure:10330: checking if gcc PIC flag -fno-common -DPIC works
configure:10348: gcc -c -g -O2  -fno-common -DPIC -DPIC conftest.c >&5
configure:10352: $? = 0
configure:10365: result: yes
configure:10394: checking if gcc static flag -static works
configure:10422: result: no
configure:10437: checking if gcc supports -c -o file.o
configure:10458: gcc -c -g -O2  -o out/conftest2.o conftest.c >&5
configure:10462: $? = 0
configure:10484: result: yes
configure:10492: checking if gcc supports -c -o file.o
configure:10539: result: yes
configure:10572: checking whether the gcc linker (/Library/Developer/CommandLineTools/usr/bin/ld) supports shared libraries
configure:11831: result: yes
configure:12071: checking dynamic linker characteristics
configure:12889: result: darwin15.6.0 dyld
configure:13011: checking how to hardcode library paths into programs
configure:13036: result: immediate
configure:13584: checking whether stripping libraries is possible
configure:13598: result: yes
configure:13624: checking if libtool supports shared libraries
configure:13626: result: yes
configure:13629: checking whether to build shared libraries
configure:13654: result: yes
configure:13657: checking whether to build static libraries
configure:13661: result: no
configure:13699: checking whether ln -s works
configure:13703: result: yes
configure:13765: checking for pkg-config
configure:13783: found /usr/local/bin/pkg-config
configure:13795: result: /usr/local/bin/pkg-config
configure:13820: checking pkg-config is at least version 0.9.0
configure:13823: result: yes
configure:13894: checking for g++
configure:13910: found /usr/bin/g++
configure:13921: result: g++
configure:13948: checking for C++ compiler version
configure:13957: g++ --version >&5
Apple LLVM version 7.3.0 (clang-703.0.31)
Target: x86_64-apple-darwin15.6.0
Thread model: posix
InstalledDir: /Library/Developer/CommandLineTools/usr/bin
Configured with: --prefix=/Library/Developer/CommandLineTools/usr --with-gxx-include-dir=/usr/include/c++/4.2.1
configure:13968: $? = 0
configure:13957: g++ -v >&5
Configured with: --prefix=/Library/Developer/CommandLineTools/usr --with-gxx-include-dir=/usr/include/c++/4.2.1
Apple LLVM version 7.3.0 (clang-703.0.31)
Target: x86_64-apple-darwin15.6.0
Thread model: posix
InstalledDir: /Library/Developer/CommandLineTools/usr/bin
configure:13968: $? = 0
configure:13957: g++ -V >&5
clang: error: argument to '-V' is missing (expected 1 value)
clang: error: no input files
configure:13968: $? = 1
configure:13957: g++ -qversion >&5
clang: error: unknown argument: '-qversion'
clang: error: no input files
configure:13968: $? = 1
configure:13972: checking whether we are using the GNU C++ compiler
configure:13991: g++ -c   conftest.cpp >&5
configure:13991: $? = 0
configure:14000: result: yes
configure:14009: checking whether g++ accepts -g
configure:14029: g++ -c -g  conftest.cpp >&5
configure:14029: $? = 0
configure:14070: result: yes
configure:14095: checking dependency style of g++
configure:14206: result: gcc3
configure:14239: checking how to run the C++ preprocessor
configure:14266: g++ -E  conftest.cpp
configure:14266: $? = 0
configure:14280: g++ -E  conftest.cpp
conftest.cpp:28:10: fatal error: 'ac_nonexistent.h' file not found
#include <ac_nonexistent.h>
         ^
1 error generated.
configure:14280: $? = 1
configure: failed program was:
| /* confdefs.h */
| #define PACKAGE_NAME "Apache CouchDB"
| #define PACKAGE_TARNAME "apache-couchdb"
| #define PACKAGE_VERSION "1.6.4"
| #define PACKAGE_STRING "Apache CouchDB 1.6.4"
| #define PACKAGE_BUGREPORT "https://issues.apache.org/jira/browse/COUCHDB"
| #define PACKAGE_URL ""
| #define PACKAGE "apache-couchdb"
| #define VERSION "1.6.4"
| #define STDC_HEADERS 1
| #define HAVE_SYS_TYPES_H 1
| #define HAVE_SYS_STAT_H 1
| #define HAVE_STDLIB_H 1
| #define HAVE_STRING_H 1
| #define HAVE_MEMORY_H 1
| #define HAVE_STRINGS_H 1
| #define HAVE_INTTYPES_H 1
| #define HAVE_STDINT_H 1
| #define HAVE_UNISTD_H 1
| #define __EXTENSIONS__ 1
| #define _ALL_SOURCE 1
| #define _GNU_SOURCE 1
| #define _POSIX_PTHREAD_SEMANTICS 1
| #define _TANDEM_SOURCE 1
| #define HAVE_DLFCN_H 1
| #define LT_OBJDIR ".libs/"
| /* end confdefs.h.  */
| #include <ac_nonexistent.h>
configure:14305: result: g++ -E
configure:14325: g++ -E  conftest.cpp
configure:14325: $? = 0
configure:14339: g++ -E  conftest.cpp
conftest.cpp:28:10: fatal error: 'ac_nonexistent.h' file not found
#include <ac_nonexistent.h>
         ^
1 error generated.
configure:14339: $? = 1
configure: failed program was:
| /* confdefs.h */
| #define PACKAGE_NAME "Apache CouchDB"
| #define PACKAGE_TARNAME "apache-couchdb"
| #define PACKAGE_VERSION "1.6.4"
| #define PACKAGE_STRING "Apache CouchDB 1.6.4"
| #define PACKAGE_BUGREPORT "https://issues.apache.org/jira/browse/COUCHDB"
| #define PACKAGE_URL ""
| #define PACKAGE "apache-couchdb"
| #define VERSION "1.6.4"
| #define STDC_HEADERS 1
| #define HAVE_SYS_TYPES_H 1
| #define HAVE_SYS_STAT_H 1
| #define HAVE_STDLIB_H 1
| #define HAVE_STRING_H 1
| #define HAVE_MEMORY_H 1
| #define HAVE_STRINGS_H 1
| #define HAVE_INTTYPES_H 1
| #define HAVE_STDINT_H 1
| #define HAVE_UNISTD_H 1
| #define __EXTENSIONS__ 1
| #define _ALL_SOURCE 1
| #define _GNU_SOURCE 1
| #define _POSIX_PTHREAD_SEMANTICS 1
| #define _TANDEM_SOURCE 1
| #define HAVE_DLFCN_H 1
| #define LT_OBJDIR ".libs/"
| /* end confdefs.h.  */
| #include <ac_nonexistent.h>
configure:14501: checking for ld used by g++
configure:14568: result: /Library/Developer/CommandLineTools/usr/bin/ld
configure:14575: checking if the linker (/Library/Developer/CommandLineTools/usr/bin/ld) is GNU ld
configure:14590: result: no
configure:14645: checking whether the g++ linker (/Library/Developer/CommandLineTools/usr/bin/ld) supports shared libraries
configure:15718: result: yes
configure:15754: g++ -c -g -O2  conftest.cpp >&5
configure:15757: $? = 0
configure:16238: checking for g++ option to produce PIC
configure:16245: result: -fno-common -DPIC
configure:16253: checking if g++ PIC flag -fno-common -DPIC works
configure:16271: g++ -c -g -O2  -fno-common -DPIC -DPIC conftest.cpp >&5
configure:16275: $? = 0
configure:16288: result: yes
configure:16311: checking if g++ static flag -static works
configure:16339: result: no
configure:16351: checking if g++ supports -c -o file.o
configure:16372: g++ -c -g -O2  -o out/conftest2.o conftest.cpp >&5
configure:16376: $? = 0
configure:16398: result: yes
configure:16403: checking if g++ supports -c -o file.o
configure:16450: result: yes
configure:16480: checking whether the g++ linker (/Library/Developer/CommandLineTools/usr/bin/ld) supports shared libraries
configure:16520: result: yes
configure:16661: checking dynamic linker characteristics
configure:17406: result: darwin15.6.0 dyld
configure:17471: checking how to hardcode library paths into programs
configure:17496: result: immediate
configure:17553: g++ -o conftest -g -O2   conftest.cpp  >&5
configure:17553: $? = 0
configure:17560: checking whether byte ordering is bigendian
configure:17575: g++ -c -g -O2  conftest.cpp >&5
configure:17575: $? = 0
configure:17620: g++ -c -g -O2  conftest.cpp >&5
configure:17620: $? = 0
configure:17638: g++ -c -g -O2  conftest.cpp >&5
conftest.cpp:35:11: error: expected ';' after expression
                 not big endian
                        ^
                        ;
conftest.cpp:35:8: error: use of undeclared identifier 'big'
                 not big endian
                     ^
conftest.cpp:35:12: error: use of undeclared identifier 'endian'
                 not big endian
                         ^
3 errors generated.
configure:17638: $? = 1
configure: failed program was:
| /* confdefs.h */
| #define PACKAGE_NAME "Apache CouchDB"
| #define PACKAGE_TARNAME "apache-couchdb"
| #define PACKAGE_VERSION "1.6.4"
| #define PACKAGE_STRING "Apache CouchDB 1.6.4"
| #define PACKAGE_BUGREPORT "https://issues.apache.org/jira/browse/COUCHDB"
| #define PACKAGE_URL ""
| #define PACKAGE "apache-couchdb"
| #define VERSION "1.6.4"
| #define STDC_HEADERS 1
| #define HAVE_SYS_TYPES_H 1
| #define HAVE_SYS_STAT_H 1
| #define HAVE_STDLIB_H 1
| #define HAVE_STRING_H 1
| #define HAVE_MEMORY_H 1
| #define HAVE_STRINGS_H 1
| #define HAVE_INTTYPES_H 1
| #define HAVE_STDINT_H 1
| #define HAVE_UNISTD_H 1
| #define __EXTENSIONS__ 1
| #define _ALL_SOURCE 1
| #define _GNU_SOURCE 1
| #define _POSIX_PTHREAD_SEMANTICS 1
| #define _TANDEM_SOURCE 1
| #define HAVE_DLFCN_H 1
| #define LT_OBJDIR ".libs/"
| /* end confdefs.h.  */
| #include <sys/types.h>
| 		#include <sys/param.h>
| 
| int
| main ()
| {
| #if BYTE_ORDER != BIG_ENDIAN
| 		 not big endian
| 		#endif
| 
|   ;
|   return 0;
| }
configure:17766: result: no
configure:17788: checking for stdint.h
configure:17788: result: yes
configure:17788: checking stddef.h usability
configure:17788: g++ -c -g -O2  conftest.cpp >&5
configure:17788: $? = 0
configure:17788: result: yes
configure:17788: checking stddef.h presence
configure:17788: g++ -E  conftest.cpp
configure:17788: $? = 0
configure:17788: result: yes
configure:17788: checking for stddef.h
configure:17788: result: yes
configure:17788: checking sys/mman.h usability
configure:17788: g++ -c -g -O2  conftest.cpp >&5
configure:17788: $? = 0
configure:17788: result: yes
configure:17788: checking sys/mman.h presence
configure:17788: g++ -E  conftest.cpp
configure:17788: $? = 0
configure:17788: result: yes
configure:17788: checking for sys/mman.h
configure:17788: result: yes
configure:17788: checking sys/resource.h usability
configure:17788: g++ -c -g -O2  conftest.cpp >&5
configure:17788: $? = 0
configure:17788: result: yes
configure:17788: checking sys/resource.h presence
configure:17788: g++ -E  conftest.cpp
configure:17788: $? = 0
configure:17788: result: yes
configure:17788: checking for sys/resource.h
configure:17788: result: yes
configure:17798: checking for mmap
configure:17798: g++ -o conftest -g -O2   conftest.cpp  >&5
configure:17798: $? = 0
configure:17798: result: yes
configure:17804: checking if the compiler supports __builtin_expect
configure:17820: g++ -c -g -O2  conftest.cpp >&5
configure:17820: $? = 0
configure:17823: result: yes
configure:17841: checking if the compiler supports __builtin_ctzll
configure:17857: g++ -c -g -O2  conftest.cpp >&5
configure:17857: $? = 0
configure:17860: result: yes
configure:17901: checking for pthread_create in -lpthread
configure:17919: g++ -o conftest -g -O2   conftest.cpp -lpthread  >&5
conftest.cpp:39:1: error: no matching function for call to 'pthread_create'
pthread_create((void *)0, (void *)0, (void *)0, (void *)0)
^~~~~~~~~~~~~~
/usr/include/pthread.h:312:5: note: candidate function not viable: cannot convert argument of incomplete type 'void *' to 'pthread_t *' (aka '_opaque_pthread_t **')
int pthread_create(pthread_t * __restrict, const pthread_attr_t * __restrict,
    ^
1 error generated.
configure:17919: $? = 1
configure: failed program was:
| /* confdefs.h */
| #define PACKAGE_NAME "Apache CouchDB"
| #define PACKAGE_TARNAME "apache-couchdb"
| #define PACKAGE_VERSION "1.6.4"
| #define PACKAGE_STRING "Apache CouchDB 1.6.4"
| #define PACKAGE_BUGREPORT "https://issues.apache.org/jira/browse/COUCHDB"
| #define PACKAGE_URL ""
| #define PACKAGE "apache-couchdb"
| #define VERSION "1.6.4"
| #define STDC_HEADERS 1
| #define HAVE_SYS_TYPES_H 1
| #define HAVE_SYS_STAT_H 1
| #define HAVE_STDLIB_H 1
| #define HAVE_STRING_H 1
| #define HAVE_MEMORY_H 1
| #define HAVE_STRINGS_H 1
| #define HAVE_INTTYPES_H 1
| #define HAVE_STDINT_H 1
| #define HAVE_UNISTD_H 1
| #define __EXTENSIONS__ 1
| #define _ALL_SOURCE 1
| #define _GNU_SOURCE 1
| #define _POSIX_PTHREAD_SEMANTICS 1
| #define _TANDEM_SOURCE 1
| #define HAVE_DLFCN_H 1
| #define LT_OBJDIR ".libs/"
| #define HAVE_STDINT_H 1
| #define HAVE_STDDEF_H 1
| #define HAVE_SYS_MMAN_H 1
| #define HAVE_SYS_RESOURCE_H 1
| #define HAVE_BUILTIN_EXPECT 1
| #define HAVE_BUILTIN_CTZ 1
| /* end confdefs.h.  */
| 
|     #include<pthread.h>
| int
| main ()
| {
| pthread_create((void *)0, (void *)0, (void *)0, (void *)0)
|   ;
|   return 0;
| }
configure:17932: result: no
configure:17938: checking for erl
configure:17956: found /usr/local/bin/erl
configure:17968: result: /usr/local/bin/erl
configure:17978: checking for escript
configure:17996: found /usr/local/bin/escript
configure:18008: result: /usr/local/bin/escript
configure:18056: checking for JS
configure:18063: $PKG_CONFIG --exists --print-errors "mozjs185"
configure:18066: $? = 0
configure:18080: $PKG_CONFIG --exists --print-errors "mozjs185"
configure:18083: $? = 0
configure:18297: result: yes
configure:18394: checking jsapi.h usability
configure:18394: g++ -c -g -O2 -DXP_UNIX -I/usr/local/Cellar/spidermonkey/1.8.5_1/include/js -I/usr/local/Cellar/nspr/4.12_1/include/nspr  -I/opt/local/include -I/opt/local/include/js -I/usr/local/include -I/usr/local/include/js -I/usr/include -I/usr/include/js  conftest.cpp >&5
configure:18394: $? = 0
configure:18394: result: yes
configure:18394: checking jsapi.h presence
configure:18394: g++ -E -DXP_UNIX -I/usr/local/Cellar/spidermonkey/1.8.5_1/include/js -I/usr/local/Cellar/nspr/4.12_1/include/nspr  -I/opt/local/include -I/opt/local/include/js -I/usr/local/include -I/usr/local/include/js -I/usr/include -I/usr/include/js  conftest.cpp
configure:18394: $? = 0
configure:18394: result: yes
configure:18394: checking for jsapi.h
configure:18394: result: yes
configure:18418: checking for JS_NewContext in -lmozjs185
configure:18443: g++ -o conftest -g -O2 -DXP_UNIX -I/usr/local/Cellar/spidermonkey/1.8.5_1/include/js -I/usr/local/Cellar/nspr/4.12_1/include/nspr  -I/opt/local/include -I/opt/local/include/js -I/usr/local/include -I/usr/local/include/js -I/usr/include -I/usr/include/js   -L/opt/local/lib -L/usr/local/lib  conftest.cpp -lmozjs185  -L/usr/local/Cellar/spidermonkey/1.8.5_1/lib -L/usr/local/Cellar/nspr/4.12_1/lib -lmozjs185 -lplds4 -lplc4 -lnspr4   -L/opt/local/lib -L/usr/local/lib  >&5
ld: warning: directory not found for option '-L/opt/local/lib'
ld: warning: directory not found for option '-L/opt/local/lib'
configure:18443: $? = 0
configure:18452: result: yes
configure:18683: checking for JS_NewCompartmentAndGlobalObject in -lmozjs185
configure:18708: g++ -o conftest -g -O2 -DXP_UNIX -I/usr/local/Cellar/spidermonkey/1.8.5_1/include/js -I/usr/local/Cellar/nspr/4.12_1/include/nspr  -I/opt/local/include -I/opt/local/include/js -I/usr/local/include -I/usr/local/include/js -I/usr/include -I/usr/include/js   -L/opt/local/lib -L/usr/local/lib  conftest.cpp -lmozjs185  -L/usr/local/Cellar/spidermonkey/1.8.5_1/lib -L/usr/local/Cellar/nspr/4.12_1/lib -lmozjs185 -lplds4 -lplc4 -lnspr4   -L/opt/local/lib -L/usr/local/lib  >&5
ld: warning: directory not found for option '-L/opt/local/lib'
ld: warning: directory not found for option '-L/opt/local/lib'
configure:18708: $? = 0
configure:18718: result: yes
configure:18769: checking whether JSOPTION_ANONFUNFIX is declared
configure:18769: g++ -c -g -O2 -DXP_UNIX -I/usr/local/Cellar/spidermonkey/1.8.5_1/include/js -I/usr/local/Cellar/nspr/4.12_1/include/nspr  -I/opt/local/include -I/opt/local/include/js -I/usr/local/include -I/usr/local/include/js -I/usr/include -I/usr/include/js  conftest.cpp >&5
configure:18769: $? = 0
configure:18769: result: yes
configure:18797: checking for JS_ThrowStopIteration in -lmozjs185
configure:18822: g++ -o conftest -g -O2 -DXP_UNIX -I/usr/local/Cellar/spidermonkey/1.8.5_1/include/js -I/usr/local/Cellar/nspr/4.12_1/include/nspr  -I/opt/local/include -I/opt/local/include/js -I/usr/local/include -I/usr/local/include/js -I/usr/include -I/usr/include/js   -L/opt/local/lib -L/usr/local/lib  conftest.cpp -lmozjs185  -L/usr/local/Cellar/spidermonkey/1.8.5_1/lib -L/usr/local/Cellar/nspr/4.12_1/lib -lmozjs185 -lplds4 -lplc4 -lnspr4   -L/opt/local/lib -L/usr/local/lib  >&5
ld: warning: directory not found for option '-L/opt/local/lib'
ld: warning: directory not found for option '-L/opt/local/lib'
configure:18822: $? = 0
configure:18832: result: yes
configure:18843: checking for JS_GetStringCharsAndLength in -lmozjs185
configure:18868: g++ -o conftest -g -O2 -DXP_UNIX -I/usr/local/Cellar/spidermonkey/1.8.5_1/include/js -I/usr/local/Cellar/nspr/4.12_1/include/nspr  -I/opt/local/include -I/opt/local/include/js -I/usr/local/include -I/usr/local/include/js -I/usr/include -I/usr/include/js   -L/opt/local/lib -L/usr/local/lib  conftest.cpp -lmozjs185  -L/usr/local/Cellar/spidermonkey/1.8.5_1/lib -L/usr/local/Cellar/nspr/4.12_1/lib -lmozjs185 -lplds4 -lplc4 -lnspr4   -L/opt/local/lib -L/usr/local/lib  >&5
ld: warning: directory not found for option '-L/opt/local/lib'
ld: warning: directory not found for option '-L/opt/local/lib'
configure:18868: $? = 0
configure:18878: result: yes
configure:18893: checking for JSScript*
configure:18893: g++ -c -g -O2 -DXP_UNIX -I/usr/local/Cellar/spidermonkey/1.8.5_1/include/js -I/usr/local/Cellar/nspr/4.12_1/include/nspr  -I/opt/local/include -I/opt/local/include/js -I/usr/local/include -I/usr/local/include/js -I/usr/include -I/usr/include/js  conftest.cpp >&5
conftest.cpp:43:13: error: use of undeclared identifier 'JSScript'
if (sizeof (JSScript*))
            ^
conftest.cpp:43:22: error: expected expression
if (sizeof (JSScript*))
                     ^
2 errors generated.
configure:18893: $? = 1
configure: failed program was:
| /* confdefs.h */
| #define PACKAGE_NAME "Apache CouchDB"
| #define PACKAGE_TARNAME "apache-couchdb"
| #define PACKAGE_VERSION "1.6.4"
| #define PACKAGE_STRING "Apache CouchDB 1.6.4"
| #define PACKAGE_BUGREPORT "https://issues.apache.org/jira/browse/COUCHDB"
| #define PACKAGE_URL ""
| #define PACKAGE "apache-couchdb"
| #define VERSION "1.6.4"
| #define STDC_HEADERS 1
| #define HAVE_SYS_TYPES_H 1
| #define HAVE_SYS_STAT_H 1
| #define HAVE_STDLIB_H 1
| #define HAVE_STRING_H 1
| #define HAVE_MEMORY_H 1
| #define HAVE_STRINGS_H 1
| #define HAVE_INTTYPES_H 1
| #define HAVE_STDINT_H 1
| #define HAVE_UNISTD_H 1
| #define __EXTENSIONS__ 1
| #define _ALL_SOURCE 1
| #define _GNU_SOURCE 1
| #define _POSIX_PTHREAD_SEMANTICS 1
| #define _TANDEM_SOURCE 1
| #define HAVE_DLFCN_H 1
| #define LT_OBJDIR ".libs/"
| #define HAVE_STDINT_H 1
| #define HAVE_STDDEF_H 1
| #define HAVE_SYS_MMAN_H 1
| #define HAVE_SYS_RESOURCE_H 1
| #define HAVE_BUILTIN_EXPECT 1
| #define HAVE_BUILTIN_CTZ 1
| #define SM185 1
| #define SM180 1
| #define HAVE_JS_GET_STRING_CHARS_AND_LENGTH 1
| /* end confdefs.h.  */
| #include <jsapi.h>
| 
| 
| int
| main ()
| {
| if (sizeof (JSScript*))
| 	 return 0;
|   ;
|   return 0;
| }
configure:18893: result: no
configure:19028: checking for icu-config
configure:19046: found /usr/local/opt/icu4c/bin/icu-config
configure:19059: result: /usr/local/opt/icu4c/bin/icu-config
configure:19075: checking for ICU >= 3.4.1
configure:19079: result: yes
configure:19083: checking ICU_CPPFLAGS
configure:19086: result: -I/usr/local/Cellar/icu4c/57.1/include 
configure:19089: checking ICU_CFLAGS
configure:19092: result:  
configure:19095: checking ICU_CXXFLAGS
configure:19098: result: --std=c++0x 
configure:19101: checking ICU_LIBS
configure:19104: result:  -L/usr/local/Cellar/icu4c/57.1/lib -licui18n -licuuc -licudata  
configure:19216: checking for curl-config
configure:19234: found /usr/bin/curl-config
configure:19246: result: /usr/bin/curl-config
configure:19302: checking for curl (7.43.0) >= 7.18.0
configure:19337: result: yes
configure:19405: checking Erlang version compatibility
configure:19423: result: compatible
configure:19464: checking for erlc
configure:19482: found /usr/local/bin/erlc
configure:19494: result: /usr/local/bin/erlc
configure:19512: checking erl_driver.h usability
configure:19512: g++ -c -g -O2 -I${exec_prefix}/lib/erlang/usr/include -I/usr/lib/erlang/usr/include -I/usr/local/lib/erlang/usr/include -I/opt/local/lib/erlang/usr/include  -I/opt/local/include -I/opt/local/include/js -I/usr/local/include -I/usr/local/include/js -I/usr/include -I/usr/include/js  conftest.cpp >&5
configure:19512: $? = 0
configure:19512: result: yes
configure:19512: checking erl_driver.h presence
configure:19512: g++ -E -I${exec_prefix}/lib/erlang/usr/include -I/usr/lib/erlang/usr/include -I/usr/local/lib/erlang/usr/include -I/opt/local/lib/erlang/usr/include  -I/opt/local/include -I/opt/local/include/js -I/usr/local/include -I/usr/local/include/js -I/usr/include -I/usr/include/js  conftest.cpp
configure:19512: $? = 0
configure:19512: result: yes
configure:19512: checking for erl_driver.h
configure:19512: result: yes
configure:19588: checking location of init directory
configure:19604: result: not found
configure:19611: checking location of launchd directory
configure:19618: result: ${prefix}/Library/LaunchDaemons
configure:19628: checking for help2man
configure:19658: result: no
configure:19668: WARNING: You will be unable to regenerate man pages.
configure:19675: checking for pdflatex
configure:19705: result: no
configure:19717: WARNING: You will be unable to regenerate PDF documentation.
configure:19724: checking for makeinfo
configure:19740: found /usr/bin/makeinfo
configure:19751: result: yes
configure:19773: checking for install-info
configure:19789: found /usr/bin/install-info
configure:19800: result: yes
configure:19822: checking for sphinx-build
configure:19852: result: no
configure:19862: WARNING: You will be unable to regenerate documentation.
configure:19916: checking python module: pygments
configure:19921: result: yes
configure:19938: checking pygments version >= 1.5
configure:19955: result: no
configure:19960: WARNING: Syntax highlighting may not work.
configure:20318: checking that generated files are newer than configure
configure:20324: result: done
configure:20408: creating ./config.status

## ---------------------- ##
## Running config.status. ##
## ---------------------- ##

This file was extended by Apache CouchDB config.status 1.6.4, which was
generated by GNU Autoconf 2.69.  Invocation command line was

  CONFIG_FILES    = 
  CONFIG_HEADERS  = 
  CONFIG_LINKS    = 
  CONFIG_COMMANDS = 
  $ ./config.status 

on Shrivatsas-MacBook-Air.local

config.status:1295: creating Makefile
config.status:1295: creating bin/couch-config.tpl
config.status:1295: creating bin/couchdb.tpl
config.status:1295: creating bin/couchdb.bat.tpl
config.status:1295: creating bin/Makefile
config.status:1295: creating etc/couchdb/Makefile
config.status:1295: creating etc/couchdb/default.ini.tpl
config.status:1295: creating etc/default/Makefile
config.status:1295: creating etc/init/couchdb.tpl
config.status:1295: creating etc/init/Makefile
config.status:1295: creating etc/launchd/org.apache.couchdb.plist.tpl
config.status:1295: creating etc/launchd/Makefile
config.status:1295: creating etc/logrotate.d/couchdb.tpl
config.status:1295: creating etc/logrotate.d/Makefile
config.status:1295: creating etc/windows/Makefile
config.status:1295: creating etc/Makefile
config.status:1295: creating share/Makefile
config.status:1295: creating share/doc/Makefile
config.status:1295: creating share/doc/build/Makefile
config.status:1295: creating src/Makefile
config.status:1295: creating src/couch_dbupdates/Makefile
config.status:1295: creating src/couch_index/Makefile
config.status:1295: creating src/couch_mrview/Makefile
config.status:1295: creating src/couch_plugins/Makefile
config.status:1295: creating src/couch_replicator/Makefile
config.status:1295: creating src/couchjs-node/Makefile
config.status:1295: creating src/couchdb/couch.app.tpl
config.status:1295: creating src/couchdb/Makefile
config.status:1295: creating src/couchdb/priv/Makefile
config.status:1295: creating src/erlang-oauth/Makefile
config.status:1295: creating src/etap/Makefile
config.status:1295: creating src/ibrowse/Makefile
config.status:1295: creating src/mochiweb/Makefile
config.status:1295: creating src/snappy/Makefile
config.status:1295: creating src/snappy/google-snappy/snappy-stubs-public.h
config.status:1295: creating src/ejson/Makefile
config.status:1295: creating test/Makefile
config.status:1295: creating test/bench/Makefile
config.status:1295: creating test/etap/Makefile
config.status:1295: creating test/etap/test_util.erl
config.status:1295: creating test/javascript/Makefile
config.status:1295: creating test/view_server/Makefile
config.status:1295: creating utils/Makefile
config.status:1295: creating var/Makefile
config.status:1295: creating config.h
config.status:1476: config.h is unchanged
config.status:1295: creating src/snappy/google-snappy/config.h
config.status:1476: src/snappy/google-snappy/config.h is unchanged
config.status:1524: executing depfiles commands
config.status:1524: executing libtool commands

## ---------------- ##
## Cache variables. ##
## ---------------- ##

ac_cv_build=x86_64-apple-darwin15.6.0
ac_cv_c_bigendian=no
ac_cv_c_compiler_gnu=yes
ac_cv_cxx_compiler_gnu=yes
ac_cv_env_CCC_set=
ac_cv_env_CCC_value=
ac_cv_env_CC_set=
ac_cv_env_CC_value=
ac_cv_env_CFLAGS_set=
ac_cv_env_CFLAGS_value=
ac_cv_env_CPPFLAGS_set=
ac_cv_env_CPPFLAGS_value=
ac_cv_env_CPP_set=
ac_cv_env_CPP_value=
ac_cv_env_CURL_CFLAGS_set=
ac_cv_env_CURL_CFLAGS_value=
ac_cv_env_CURL_CONFIG_set=
ac_cv_env_CURL_CONFIG_value=
ac_cv_env_CURL_LIBS_set=
ac_cv_env_CURL_LIBS_value=
ac_cv_env_CXXCPP_set=
ac_cv_env_CXXCPP_value=
ac_cv_env_CXXFLAGS_set=
ac_cv_env_CXXFLAGS_value=
ac_cv_env_CXX_set=
ac_cv_env_CXX_value=
ac_cv_env_ERLC_FLAGS_set=
ac_cv_env_ERLC_FLAGS_value=
ac_cv_env_ERLC_set=
ac_cv_env_ERLC_value=
ac_cv_env_ERL_set=
ac_cv_env_ERL_value=
ac_cv_env_FLAGS_set=
ac_cv_env_FLAGS_value=
ac_cv_env_JS_CFLAGS_set=
ac_cv_env_JS_CFLAGS_value=
ac_cv_env_JS_LIBS_set=
ac_cv_env_JS_LIBS_value=
ac_cv_env_LDFLAGS_set=
ac_cv_env_LDFLAGS_value=
ac_cv_env_LIBS_set=
ac_cv_env_LIBS_value=
ac_cv_env_LT_SYS_LIBRARY_PATH_set=
ac_cv_env_LT_SYS_LIBRARY_PATH_value=
ac_cv_env_PKG_CONFIG_LIBDIR_set=
ac_cv_env_PKG_CONFIG_LIBDIR_value=
ac_cv_env_PKG_CONFIG_PATH_set=
ac_cv_env_PKG_CONFIG_PATH_value=
ac_cv_env_PKG_CONFIG_set=
ac_cv_env_PKG_CONFIG_value=
ac_cv_env_build_alias_set=
ac_cv_env_build_alias_value=
ac_cv_env_host_alias_set=
ac_cv_env_host_alias_value=
ac_cv_env_target_alias_set=
ac_cv_env_target_alias_value=
ac_cv_func_mmap=yes
ac_cv_have_decl_JSOPTION_ANONFUNFIX=yes
ac_cv_have_stddef_h=1
ac_cv_have_stdint_h=1
ac_cv_header_dlfcn_h=yes
ac_cv_header_erl_driver_h=yes
ac_cv_header_inttypes_h=yes
ac_cv_header_jsapi_h=yes
ac_cv_header_memory_h=yes
ac_cv_header_minix_config_h=no
ac_cv_header_stdc=yes
ac_cv_header_stddef_h=yes
ac_cv_header_stdint_h=yes
ac_cv_header_stdlib_h=yes
ac_cv_header_string_h=yes
ac_cv_header_strings_h=yes
ac_cv_header_sys_mman_h=yes
ac_cv_header_sys_resource_h=yes
ac_cv_header_sys_stat_h=yes
ac_cv_header_sys_types_h=yes
ac_cv_header_unistd_h=yes
ac_cv_host=x86_64-apple-darwin15.6.0
ac_cv_lib_mozjs185_JS_NewContext=yes
ac_cv_lib_mozjs185___JS_GetStringCharsAndLength=yes
ac_cv_lib_mozjs185___JS_NewCompartmentAndGlobalObject=yes
ac_cv_lib_mozjs185___JS_ThrowStopIteration=yes
ac_cv_objext=o
ac_cv_path_CURL_CONFIG=/usr/bin/curl-config
ac_cv_path_EGREP='/usr/bin/grep -E'
ac_cv_path_ERL=/usr/local/bin/erl
ac_cv_path_ERLC=/usr/local/bin/erlc
ac_cv_path_ESCRIPT=/usr/local/bin/escript
ac_cv_path_FGREP='/usr/bin/grep -F'
ac_cv_path_GREP=/usr/bin/grep
ac_cv_path_ICU_CONFIG=/usr/local/opt/icu4c/bin/icu-config
ac_cv_path_SED=/usr/local/opt/gnu-sed/libexec/gnubin/sed
ac_cv_path_ac_pt_PKG_CONFIG=/usr/local/bin/pkg-config
ac_cv_path_install='/usr/bin/install -c'
ac_cv_path_lt_DD=/bin/dd
ac_cv_prog_AWK=awk
ac_cv_prog_CPP='gcc -E'
ac_cv_prog_CXXCPP='g++ -E'
ac_cv_prog_HAS_INSTALLINFO=yes
ac_cv_prog_HAS_MAKEINFO=yes
ac_cv_prog_ac_ct_AR=ar
ac_cv_prog_ac_ct_CC=gcc
ac_cv_prog_ac_ct_CXX=g++
ac_cv_prog_ac_ct_DSYMUTIL=dsymutil
ac_cv_prog_ac_ct_LIPO=lipo
ac_cv_prog_ac_ct_NMEDIT=nmedit
ac_cv_prog_ac_ct_OTOOL=otool
ac_cv_prog_ac_ct_RANLIB=ranlib
ac_cv_prog_ac_ct_STRIP=strip
ac_cv_prog_cc_c89=
ac_cv_prog_cc_g=yes
ac_cv_prog_cxx_g=yes
ac_cv_prog_make_make_set=yes
ac_cv_safe_to_define___extensions__=yes
ac_cv_type_JSScriptp=no
am_cv_CC_dependencies_compiler_type=gcc3
am_cv_CXX_dependencies_compiler_type=gcc3
am_cv_make_support_nested_variables=yes
am_cv_prog_cc_c_o=yes
am_cv_prog_tar_ustar=gnutar
lt_cv_apple_cc_single_mod=yes
lt_cv_ar_at_file=no
lt_cv_deplibs_check_method=pass_all
lt_cv_file_magic_cmd='$MAGIC_CMD'
lt_cv_file_magic_test_file=
lt_cv_ld_exported_symbols_list=yes
lt_cv_ld_force_load=yes
lt_cv_ld_reload_flag=-r
lt_cv_nm_interface='BSD nm'
lt_cv_objdir=.libs
lt_cv_path_LD=/Library/Developer/CommandLineTools/usr/bin/ld
lt_cv_path_LDCXX=/Library/Developer/CommandLineTools/usr/bin/ld
lt_cv_path_NM='/usr/bin/nm -B'
lt_cv_path_mainfest_tool=no
lt_cv_prog_compiler_c_o=yes
lt_cv_prog_compiler_c_o_CXX=yes
lt_cv_prog_compiler_pic='-fno-common -DPIC'
lt_cv_prog_compiler_pic_CXX='-fno-common -DPIC'
lt_cv_prog_compiler_pic_works=yes
lt_cv_prog_compiler_pic_works_CXX=yes
lt_cv_prog_compiler_rtti_exceptions=yes
lt_cv_prog_compiler_static_works=no
lt_cv_prog_compiler_static_works_CXX=no
lt_cv_prog_gnu_ld=no
lt_cv_prog_gnu_ldcxx=no
lt_cv_sharedlib_from_linklib_cmd='printf %s\n'
lt_cv_sys_global_symbol_pipe='sed -n -e '\''s/^.*[	 ]\([BCDEGRST][BCDEGRST]*\)[	 ][	 ]*_\([_A-Za-z][_A-Za-z0-9]*\)$/\1 _\2 \2/p'\'' | sed '\''/ __gnu_lto/d'\'''
lt_cv_sys_global_symbol_to_c_name_address='sed -n -e '\''s/^: \(.*\) .*$/  {"\1", (void *) 0},/p'\'' -e '\''s/^[BCDEGRST][BCDEGRST]* .* \(.*\)$/  {"\1", (void *) \&\1},/p'\'''
lt_cv_sys_global_symbol_to_c_name_address_lib_prefix='sed -n -e '\''s/^: \(.*\) .*$/  {"\1", (void *) 0},/p'\'' -e '\''s/^[BCDEGRST][BCDEGRST]* .* \(lib.*\)$/  {"\1", (void *) \&\1},/p'\'' -e '\''s/^[BCDEGRST][BCDEGRST]* .* \(.*\)$/  {"lib\1", (void *) \&\1},/p'\'''
lt_cv_sys_global_symbol_to_cdecl='sed -n -e '\''s/^T .* \(.*\)$/extern int \1();/p'\'' -e '\''s/^[BCDEGRST][BCDEGRST]* .* \(.*\)$/extern char \1;/p'\'''
lt_cv_sys_global_symbol_to_import=
lt_cv_sys_max_cmd_len=196608
lt_cv_to_host_file_cmd=func_convert_file_noop
lt_cv_to_tool_file_cmd=func_convert_file_noop
lt_cv_truncate_bin='/bin/dd bs=4096 count=1'
pkg_cv_JS_CFLAGS='-I/usr/local/Cellar/spidermonkey/1.8.5_1/include/js -I/usr/local/Cellar/nspr/4.12_1/include/nspr'
pkg_cv_JS_LIBS='-L/usr/local/Cellar/spidermonkey/1.8.5_1/lib -L/usr/local/Cellar/nspr/4.12_1/lib -lmozjs185 -lplds4 -lplc4 -lnspr4'

## ----------------- ##
## Output variables. ##
## ----------------- ##

ACLOCAL='${SHELL} /Users/shrivatsa/Documents/Code/CouchDB/build-aux/missing aclocal-1.15'
AMDEPBACKSLASH='\'
AMDEP_FALSE='#'
AMDEP_TRUE=''
AMTAR='$${TAR-tar}'
AM_BACKSLASH='\'
AM_DEFAULT_V='$(AM_DEFAULT_VERBOSITY)'
AM_DEFAULT_VERBOSITY='1'
AM_V='$(V)'
AR='ar'
AS='as'
AUTOCONF='${SHELL} /Users/shrivatsa/Documents/Code/CouchDB/build-aux/missing autoconf'
AUTOHEADER='${SHELL} /Users/shrivatsa/Documents/Code/CouchDB/build-aux/missing autoheader'
AUTOMAKE='${SHELL} /Users/shrivatsa/Documents/Code/CouchDB/build-aux/missing automake-1.15'
AWK='awk'
BUILD_HTML_FALSE=''
BUILD_HTML_TRUE='#'
BUILD_INFO_FALSE=''
BUILD_INFO_TRUE='#'
BUILD_MAN_FALSE=''
BUILD_MAN_TRUE='#'
BUILD_PDF_FALSE=''
BUILD_PDF_TRUE='#'
CC='gcc'
CCDEPMODE='depmode=gcc3'
CFLAGS='-O2 -g -O2'
CPP='gcc -E'
CPPFLAGS=' -I/opt/local/include -I/opt/local/include/js -I/usr/local/include -I/usr/local/include/js -I/usr/include -I/usr/include/js '
CURL_CFLAGS=''
CURL_CONFIG='/usr/bin/curl-config'
CURL_LIBS='-lcurl'
CXX='g++'
CXXCPP='g++ -E'
CXXDEPMODE='depmode=gcc3'
CXXFLAGS='-g -O2'
CYGPATH_W='echo'
DEFS='-DHAVE_CONFIG_H'
DEPDIR='.deps'
DLLTOOL='false'
DSYMUTIL='dsymutil'
DUMPBIN=''
ECHO_C='\c'
ECHO_N=''
ECHO_T=''
EGREP='/usr/bin/grep -E'
ERL='/usr/local/bin/erl'
ERLANG_FLAGS='-I${exec_prefix}/lib/erlang/usr/include -I/usr/lib/erlang/usr/include -I/usr/local/lib/erlang/usr/include -I/opt/local/lib/erlang/usr/include'
ERLC='/usr/local/bin/erlc'
ERLC_FLAGS=''
ESCRIPT='/usr/local/bin/escript'
EXEEXT=''
FGREP='/usr/bin/grep -F'
FLAGS=''
GREP='/usr/bin/grep'
HAS_HELP2MAN=''
HAS_INSTALLINFO='yes'
HAS_MAKEINFO='yes'
HAS_PDFLATEX=''
HAS_SPHINX_BUILD=''
ICU_BIN=''
ICU_CFLAGS=' '
ICU_CONFIG='/usr/local/opt/icu4c/bin/icu-config'
ICU_CPPFLAGS='-I/usr/local/Cellar/icu4c/57.1/include '
ICU_CXXFLAGS='--std=c++0x '
ICU_LIBS=' -L/usr/local/Cellar/icu4c/57.1/lib -licui18n -licuuc -licudata  '
INIT_FALSE=''
INIT_TRUE='#'
INNO_COMPILER_EXECUTABLE=''
INSTALL_DATA='${INSTALL} -m 644'
INSTALL_PROGRAM='${INSTALL}'
INSTALL_SCRIPT='${INSTALL}'
INSTALL_STRIP_PROGRAM='$(install_sh) -c -s'
JS_CFLAGS='-DXP_UNIX -I/usr/local/Cellar/spidermonkey/1.8.5_1/include/js -I/usr/local/Cellar/nspr/4.12_1/include/nspr'
JS_LIBS='-lmozjs185 -lm -L/usr/local/Cellar/spidermonkey/1.8.5_1/lib -L/usr/local/Cellar/nspr/4.12_1/lib -lmozjs185 -lplds4 -lplc4 -lnspr4'
JS_LIB_BINARY=''
LAUNCHD_FALSE='#'
LAUNCHD_TRUE=''
LD='/Library/Developer/CommandLineTools/usr/bin/ld'
LDFLAGS=' -L/opt/local/lib -L/usr/local/lib '
LIBOBJS=''
LIBS='  -L/opt/local/lib -L/usr/local/lib '
LIBTOOL='$(SHELL) $(top_builddir)/libtool'
LIPO='lipo'
LN_S='ln -s'
LTLIBOBJS=''
LT_SYS_LIBRARY_PATH=''
MAKEINFO='${SHELL} /Users/shrivatsa/Documents/Code/CouchDB/build-aux/missing makeinfo'
MANIFEST_TOOL=':'
MKDIR_P='build-aux/install-sh -c -d'
NM='/usr/bin/nm -B'
NMEDIT='nmedit'
OBJDUMP='false'
OBJEXT='o'
OTOOL64=':'
OTOOL='otool'
PACKAGE='apache-couchdb'
PACKAGE_BUGREPORT='https://issues.apache.org/jira/browse/COUCHDB'
PACKAGE_NAME='Apache CouchDB'
PACKAGE_STRING='Apache CouchDB 1.6.4'
PACKAGE_TARNAME='apache-couchdb'
PACKAGE_URL=''
PACKAGE_VERSION='1.6.4'
PATH_SEPARATOR=':'
PKG_CONFIG='/usr/local/bin/pkg-config'
PKG_CONFIG_LIBDIR=''
PKG_CONFIG_PATH=''
RANLIB='ranlib'
SED='/usr/local/opt/gnu-sed/libexec/gnubin/sed'
SET_MAKE=''
SHELL='/bin/sh'
SNAPPY_MAJOR='1'
SNAPPY_MINOR='0'
SNAPPY_PATCHLEVEL='5'
STRICTNESS_FALSE=''
STRICTNESS_TRUE='#'
STRIP='strip'
TESTS_FALSE='#'
TESTS_TRUE=''
USE_CURL_FALSE='#'
USE_CURL_TRUE=''
USE_EJSON_COMPARE_NIF_FALSE=''
USE_EJSON_COMPARE_NIF_TRUE='#'
USE_NATIVE_MOCHIJSON_FALSE=''
USE_NATIVE_MOCHIJSON_TRUE='#'
USE_OTP_NIFS_FALSE=''
USE_OTP_NIFS_TRUE='#'
VERSION='1.6.4'
WINDOWS_FALSE=''
WINDOWS_TRUE='#'
abs_top_builddir=''
abs_top_srcdir=''
ac_ct_AR='ar'
ac_ct_CC='gcc'
ac_ct_CXX='g++'
ac_ct_DUMPBIN=''
ac_cv_have_stddef_h='1'
ac_cv_have_stdint_h='1'
am__EXEEXT_FALSE=''
am__EXEEXT_TRUE='#'
am__fastdepCC_FALSE='#'
am__fastdepCC_TRUE=''
am__fastdepCXX_FALSE='#'
am__fastdepCXX_TRUE=''
am__include='include'
am__isrc=''
am__leading_dot='.'
am__nodep='_no'
am__quote=''
am__tar='tar --format=ustar -chf - "$$tardir"'
am__untar='tar -xf -'
bindir='${exec_prefix}/bin'
bug_uri='https://issues.apache.org/jira/browse/COUCHDB'
build='x86_64-apple-darwin15.6.0'
build_alias=''
build_cpu='x86_64'
build_os='darwin15.6.0'
build_vendor='apple'
datadir='${datarootdir}'
datarootdir='${prefix}/share'
docdir='${datarootdir}/doc/${PACKAGE_TARNAME}'
dvidir='${docdir}'
erlangbin='/usr/local/bin/erl'
erlangversion='19'
exec_prefix='${prefix}'
host='x86_64-apple-darwin15.6.0'
host_alias=''
host_cpu='x86_64'
host_os='darwin15.6.0'
host_vendor='apple'
htmldir='${docdir}'
includedir='${prefix}/include'
infodir='${datarootdir}/info'
initdir=''
install_sh='${SHELL} /Users/shrivatsa/Documents/Code/CouchDB/build-aux/install-sh'
launchddir='${prefix}/Library/LaunchDaemons'
libdir='${exec_prefix}/lib'
libexecdir='${exec_prefix}/libexec'
localconfdir='${prefix}/etc/couchdb'
localdatadir='${datarootdir}/couchdb'
localdocdir='${datarootdir}/doc/couchdb'
localedir='${datarootdir}/locale'
localerlanglibdir='${exec_prefix}/lib/couchdb/erlang/lib'
locallibbindir='${exec_prefix}/lib/couchdb/bin'
locallibdir='${exec_prefix}/lib/couchdb'
localstatedir='${prefix}/var'
localstatelibdir='${prefix}/var/lib/couchdb'
localstatelogdir='${prefix}/var/log/couchdb'
localstaterundir='${prefix}/var/run/couchdb'
mandir='${datarootdir}/man'
mkdir_p='$(MKDIR_P)'
msvc_redist_dir=''
msvc_redist_name=''
oldincludedir='/usr/include'
openssl_bin_dir=''
otp_release='19'
package_author_address='dev@couchdb.apache.org'
package_author_name='The Apache Software Foundation'
package_identifier='couchdb'
package_name='Apache CouchDB'
package_tarname='apache-couchdb'
pdfdir='${docdir}'
prefix='/usr/local'
program_transform_name='s,x,x,'
psdir='${docdir}'
sbindir='${exec_prefix}/sbin'
sharedstatedir='${prefix}/com'
sysconfdir='${prefix}/etc'
target_alias=''
version='1.6.4'
version_major='1'
version_minor='6'
version_release=''
version_revision='4'
version_stage=''

## ----------- ##
## confdefs.h. ##
## ----------- ##

/* confdefs.h */
#define PACKAGE_NAME "Apache CouchDB"
#define PACKAGE_TARNAME "apache-couchdb"
#define PACKAGE_VERSION "1.6.4"
#define PACKAGE_STRING "Apache CouchDB 1.6.4"
#define PACKAGE_BUGREPORT "https://issues.apache.org/jira/browse/COUCHDB"
#define PACKAGE_URL ""
#define PACKAGE "apache-couchdb"
#define VERSION "1.6.4"
#define STDC_HEADERS 1
#define HAVE_SYS_TYPES_H 1
#define HAVE_SYS_STAT_H 1
#define HAVE_STDLIB_H 1
#define HAVE_STRING_H 1
#define HAVE_MEMORY_H 1
#define HAVE_STRINGS_H 1
#define HAVE_INTTYPES_H 1
#define HAVE_STDINT_H 1
#define HAVE_UNISTD_H 1
#define __EXTENSIONS__ 1
#define _ALL_SOURCE 1
#define _GNU_SOURCE 1
#define _POSIX_PTHREAD_SEMANTICS 1
#define _TANDEM_SOURCE 1
#define HAVE_DLFCN_H 1
#define LT_OBJDIR ".libs/"
#define HAVE_STDINT_H 1
#define HAVE_STDDEF_H 1
#define HAVE_SYS_MMAN_H 1
#define HAVE_SYS_RESOURCE_H 1
#define HAVE_BUILTIN_EXPECT 1
#define HAVE_BUILTIN_CTZ 1
#define SM185 1
#define SM180 1
#define HAVE_JS_GET_STRING_CHARS_AND_LENGTH 1
#define JSSCRIPT_TYPE JSObject*
#define COUCHJS_NAME "couchjs"
#define HAVE_CURL 1

configure: exit 0
